[2017-06-19 08:22:26] local.ERROR: PDOException: SQLSTATE[42S02]: Base table or view not found: 1146 Table 'xtwhmyta_db.toyotadjakarta_slideshows_intros' doesn't exist in /home/xtwhmyta/public_html/vendor/doctrine/dbal/lib/Doctrine/DBAL/Driver/PDOConnection.php:77
Stack trace:
#0 /home/xtwhmyta/public_html/vendor/doctrine/dbal/lib/Doctrine/DBAL/Driver/PDOConnection.php(77): PDO->prepare('select count(*)...', Array)
#1 /home/xtwhmyta/public_html/vendor/laravel/framework/src/Illuminate/Database/Connection.php(333): Doctrine\DBAL\Driver\PDOConnection->prepare('select count(*)...')
#2 /home/xtwhmyta/public_html/vendor/laravel/framework/src/Illuminate/Database/Connection.php(763): Illuminate\Database\Connection->Illuminate\Database\{closure}(Object(Illuminate\Database\MySqlConnection), 'select count(*)...', Array)
#3 /home/xtwhmyta/public_html/vendor/laravel/framework/src/Illuminate/Database/Connection.php(726): Illuminate\Database\Connection->runQueryCallback('select count(*)...', Array, Object(Closure))
#4 /home/xtwhmyta/public_html/vendor/laravel/framework/src/Illuminate/Database/Connection.php(351): Illuminate\Database\Connection->run('select count(*)...', Array, Object(Closure))
#5 /home/xtwhmyta/public_html/vendor/laravel/framework/src/Illuminate/Database/Query/Builder.php(1648): Illuminate\Database\Connection->select('select count(*)...', Array, true)
#6 /home/xtwhmyta/public_html/vendor/laravel/framework/src/Illuminate/Database/Query/Builder.php(1634): Illuminate\Database\Query\Builder->runSelect()
#7 /home/xtwhmyta/public_html/vendor/laravel/framework/src/Illuminate/Database/Query/Builder.php(2049): Illuminate\Database\Query\Builder->get(Array)
#8 /home/xtwhmyta/public_html/vendor/laravel/framework/src/Illuminate/Database/Query/Builder.php(1969): Illuminate\Database\Query\Builder->aggregate('count', Array)
#9 /home/xtwhmyta/public_html/vendor/laravel/framework/src/Illuminate/Database/Eloquent/Builder.php(1470): Illuminate\Database\Query\Builder->count()
#10 /home/xtwhmyta/public_html/vendor/anomaly/streams-platform/src/Model/EloquentTableRepository.php(83): Illuminate\Database\Eloquent\Builder->__call('count', Array)
#11 /home/xtwhmyta/public_html/vendor/anomaly/streams-platform/src/Ui/Table/Command/GetTableEntries.php(66): Anomaly\Streams\Platform\Model\EloquentTableRepository->get(Object(Toyotadjakarta\SlideshowsModule\Intro\Table\IntroTableBuilder))
#12 [internal function]: Anomaly\Streams\Platform\Ui\Table\Command\GetTableEntries->handle()
#13 /home/xtwhmyta/public_html/vendor/laravel/framework/src/Illuminate/Container/Container.php(508): call_user_func_array(Array, Array)
#14 /home/xtwhmyta/public_html/vendor/laravel/framework/src/Illuminate/Bus/Dispatcher.php(94): Illuminate\Container\Container->call(Array)
#15 /home/xtwhmyta/public_html/vendor/laravel/framework/src/Illuminate/Pipeline/Pipeline.php(151): Illuminate\Bus\Dispatcher->Illuminate\Bus\{closure}(Object(Anomaly\Streams\Platform\Ui\Table\Command\GetTableEntries))
#16 /home/xtwhmyta/public_html/vendor/laravel/framework/src/Illuminate/Pipeline/Pipeline.php(104): Illuminate\Pipeline\Pipeline->Illuminate\Pipeline\{closure}(Object(Anomaly\Streams\Platform\Ui\Table\Command\GetTableEntries))
#17 /home/xtwhmyta/public_html/vendor/laravel/framework/src/Illuminate/Bus/Dispatcher.php(98): Illuminate\Pipeline\Pipeline->then(Object(Closure))
#18 /home/xtwhmyta/public_html/vendor/laravel/framework/src/Illuminate/Bus/Dispatcher.php(75): Illuminate\Bus\Dispatcher->dispatchNow(Object(Anomaly\Streams\Platform\Ui\Table\Command\GetTableEntries))
#19 /home/xtwhmyta/public_html/vendor/laravel/framework/src/Illuminate/Foundation/Bus/DispatchesJobs.php(17): Illuminate\Bus\Dispatcher->dispatch(Object(Anomaly\Streams\Platform\Ui\Table\Command\GetTableEntries))
#20 /home/xtwhmyta/public_html/vendor/anomaly/streams-platform/src/Ui/Table/Command/BuildTable.php(95): Anomaly\Streams\Platform\Ui\Table\Command\BuildTable->dispatch(Object(Anomaly\Streams\Platform\Ui\Table\Command\GetTableEntries))
#21 [internal function]: Anomaly\Streams\Platform\Ui\Table\Command\BuildTable->handle()
#22 /home/xtwhmyta/public_html/vendor/laravel/framework/src/Illuminate/Container/Container.php(508): call_user_func_array(Array, Array)
#23 /home/xtwhmyta/public_html/vendor/laravel/framework/src/Illuminate/Bus/Dispatcher.php(94): Illuminate\Container\Container->call(Array)
#24 /home/xtwhmyta/public_html/vendor/laravel/framework/src/Illuminate/Pipeline/Pipeline.php(151): Illuminate\Bus\Dispatcher->Illuminate\Bus\{closure}(Object(Anomaly\Streams\Platform\Ui\Table\Command\BuildTable))
#25 /home/xtwhmyta/public_html/vendor/laravel/framework/src/Illuminate/Pipeline/Pipeline.php(104): Illuminate\Pipeline\Pipeline->Illuminate\Pipeline\{closure}(Object(Anomaly\Streams\Platform\Ui\Table\Command\BuildTable))
#26 /home/xtwhmyta/public_html/vendor/laravel/framework/src/Illuminate/Bus/Dispatcher.php(98): Illuminate\Pipeline\Pipeline->then(Object(Closure))
#27 /home/xtwhmyta/public_html/vendor/laravel/framework/src/Illuminate/Bus/Dispatcher.php(75): Illuminate\Bus\Dispatcher->dispatchNow(Object(Anomaly\Streams\Platform\Ui\Table\Command\BuildTable))
#28 /home/xtwhmyta/public_html/vendor/laravel/framework/src/Illuminate/Foundation/Bus/DispatchesJobs.php(17): Illuminate\Bus\Dispatcher->dispatch(Object(Anomaly\Streams\Platform\Ui\Table\Command\BuildTable))
#29 /home/xtwhmyta/public_html/vendor/anomaly/streams-platform/src/Ui/Table/TableBuilder.php(134): Anomaly\Streams\Platform\Ui\Table\TableBuilder->dispatch(Object(Anomaly\Streams\Platform\Ui\Table\Command\BuildTable))
#30 /home/xtwhmyta/public_html/vendor/anomaly/streams-platform/src/Ui/Table/TableBuilder.php(148): Anomaly\Streams\Platform\Ui\Table\TableBuilder->build()
#31 /home/xtwhmyta/public_html/vendor/anomaly/streams-platform/src/Ui/Table/TableBuilder.php(191): Anomaly\Streams\Platform\Ui\Table\TableBuilder->make()
#32 /home/xtwhmyta/public_html/addons/toyotadjakarta/toyotadjakarta/slideshows-module/src/Http/Controller/Admin/IntrosController.php(18): Anomaly\Streams\Platform\Ui\Table\TableBuilder->render()
#33 [internal function]: Toyotadjakarta\SlideshowsModule\Http\Controller\Admin\IntrosController->index(Object(Toyotadjakarta\SlideshowsModule\Intro\Table\IntroTableBuilder))
#34 /home/xtwhmyta/public_html/vendor/laravel/framework/src/Illuminate/Routing/Controller.php(55): call_user_func_array(Array, Array)
#35 /home/xtwhmyta/public_html/vendor/laravel/framework/src/Illuminate/Routing/ControllerDispatcher.php(44): Illuminate\Routing\Controller->callAction('index', Array)
#36 /home/xtwhmyta/public_html/vendor/laravel/framework/src/Illuminate/Routing/Route.php(189): Illuminate\Routing\ControllerDispatcher->dispatch(Object(Illuminate\Routing\Route), Object(Toyotadjakarta\SlideshowsModule\Http\Controller\Admin\IntrosController), 'index')
#37 /home/xtwhmyta/public_html/vendor/laravel/framework/src/Illuminate/Routing/Route.php(144): Illuminate\Routing\Route->runController()
#38 /home/xtwhmyta/public_html/vendor/laravel/framework/src/Illuminate/Routing/Router.php(653): Illuminate\Routing\Route->run(Object(Illuminate\Http\Request))
#39 /home/xtwhmyta/public_html/vendor/laravel/framework/src/Illuminate/Routing/Pipeline.php(53): Illuminate\Routing\Router->Illuminate\Routing\{closure}(Object(Illuminate\Http\Request))
#40 /home/xtwhmyta/public_html/vendor/anomaly/streams-platform/src/Http/Middleware/ApplicationReady.php(49): Illuminate\Routing\Pipeline->Illuminate\Routing\{closure}(Object(Illuminate\Http\Request))
#41 /home/xtwhmyta/public_html/vendor/laravel/framework/src/Illuminate/Pipeline/Pipeline.php(137): Anomaly\Streams\Platform\Http\Middleware\ApplicationReady->handle(Object(Illuminate\Http\Request), Object(Closure))
#42 /home/xtwhmyta/public_html/vendor/laravel/framework/src/Illuminate/Routing/Pipeline.php(33): Illuminate\Pipeline\Pipeline->Illuminate\Pipeline\{closure}(Object(Illuminate\Http\Request))
#43 /home/xtwhmyta/public_html/vendor/anomaly/streams-platform/src/Http/Middleware/SetLocale.php(88): Illuminate\Routing\Pipeline->Illuminate\Routing\{closure}(Object(Illuminate\Http\Request))
#44 /home/xtwhmyta/public_html/vendor/laravel/framework/src/Illuminate/Pipeline/Pipeline.php(137): Anomaly\Streams\Platform\Http\Middleware\SetLocale->handle(Object(Illuminate\Http\Request), Object(Closure))
#45 /home/xtwhmyta/public_html/vendor/laravel/framework/src/Illuminate/Routing/Pipeline.php(33): Illuminate\Pipeline\Pipeline->Illuminate\Pipeline\{closure}(Object(Illuminate\Http\Request))
#46 /home/xtwhmyta/public_html/vendor/anomaly/streams-platform/src/Http/Middleware/PoweredBy.php(38): Illuminate\Routing\Pipeline->Illuminate\Routing\{closure}(Object(Illuminate\Http\Request))
#47 /home/xtwhmyta/public_html/vendor/laravel/framework/src/Illuminate/Pipeline/Pipeline.php(137): Anomaly\Streams\Platform\Http\Middleware\PoweredBy->handle(Object(Illuminate\Http\Request), Object(Closure))
#48 /home/xtwhmyta/public_html/vendor/laravel/framework/src/Illuminate/Routing/Pipeline.php(33): Illuminate\Pipeline\Pipeline->Illuminate\Pipeline\{closure}(Object(Illuminate\Http\Request))
#49 /home/xtwhmyta/public_html/vendor/anomaly/streams-platform/src/Http/Middleware/VerifyCsrfToken.php(106): Illuminate\Routing\Pipeline->Illuminate\Routing\{closure}(Object(Illuminate\Http\Request))
#50 /home/xtwhmyta/public_html/vendor/laravel/framework/src/Illuminate/Pipeline/Pipeline.php(137): Anomaly\Streams\Platform\Http\Middleware\VerifyCsrfToken->handle(Object(Illuminate\Http\Request), Object(Closure))
#51 /home/xtwhmyta/public_html/vendor/laravel/framework/src/Illuminate/Routing/Pipeline.php(33): Illuminate\Pipeline\Pipeline->Illuminate\Pipeline\{closure}(Object(Illuminate\Http\Request))
#52 /home/xtwhmyta/public_html/core/anomaly/users-module/src/Http/Middleware/AuthorizeRoutePermission.php(107): Illuminate\Routing\Pipeline->Illuminate\Routing\{closure}(Object(Illuminate\Http\Request))
#53 /home/xtwhmyta/public_html/vendor/laravel/framework/src/Illuminate/Pipeline/Pipeline.php(137): Anomaly\UsersModule\Http\Middleware\AuthorizeRoutePermission->handle(Object(Illuminate\Http\Request), Object(Closure))
#54 /home/xtwhmyta/public_html/vendor/laravel/framework/src/Illuminate/Routing/Pipeline.php(33): Illuminate\Pipeline\Pipeline->Illuminate\Pipeline\{closure}(Object(Illuminate\Http\Request))
#55 /home/xtwhmyta/public_html/core/anomaly/users-module/src/Http/Middleware/AuthorizeControlPanel.php(51): Illuminate\Routing\Pipeline->Illuminate\Routing\{closure}(Object(Illuminate\Http\Request))
#56 /home/xtwhmyta/public_html/vendor/laravel/framework/src/Illuminate/Pipeline/Pipeline.php(137): Anomaly\UsersModule\Http\Middleware\AuthorizeControlPanel->handle(Object(Illuminate\Http\Request), Object(Closure))
#57 /home/xtwhmyta/public_html/vendor/laravel/framework/src/Illuminate/Routing/Pipeline.php(33): Illuminate\Pipeline\Pipeline->Illuminate\Pipeline\{closure}(Object(Illuminate\Http\Request))
#58 /home/xtwhmyta/public_html/core/anomaly/users-module/src/Http/Middleware/AuthorizeModuleAccess.php(63): Illuminate\Routing\Pipeline->Illuminate\Routing\{closure}(Object(Illuminate\Http\Request))
#59 /home/xtwhmyta/public_html/vendor/laravel/framework/src/Illuminate/Pipeline/Pipeline.php(137): Anomaly\UsersModule\Http\Middleware\AuthorizeModuleAccess->handle(Object(Illuminate\Http\Request), Object(Closure))
#60 /home/xtwhmyta/public_html/vendor/laravel/framework/src/Illuminate/Routing/Pipeline.php(33): Illuminate\Pipeline\Pipeline->Illuminate\Pipeline\{closure}(Object(Illuminate\Http\Request))
#61 /home/xtwhmyta/public_html/core/anomaly/users-module/src/Http/Middleware/AuthorizeRouteRoles.php(106): Illuminate\Routing\Pipeline->Illuminate\Routing\{closure}(Object(Illuminate\Http\Request))
#62 /home/xtwhmyta/public_html/vendor/laravel/framework/src/Illuminate/Pipeline/Pipeline.php(137): Anomaly\UsersModule\Http\Middleware\AuthorizeRouteRoles->handle(Object(Illuminate\Http\Request), Object(Closure))
#63 /home/xtwhmyta/public_html/vendor/laravel/framework/src/Illuminate/Routing/Pipeline.php(33): Illuminate\Pipeline\Pipeline->Illuminate\Pipeline\{closure}(Object(Illuminate\Http\Request))
#64 /home/xtwhmyta/public_html/core/anomaly/users-module/src/Http/Middleware/CheckSecurity.php(86): Illuminate\Routing\Pipeline->Illuminate\Routing\{closure}(Object(Illuminate\Http\Request))
#65 /home/xtwhmyta/public_html/vendor/laravel/framework/src/Illuminate/Pipeline/Pipeline.php(137): Anomaly\UsersModule\Http\Middleware\CheckSecurity->handle(Object(Illuminate\Http\Request), Object(Closure))
#66 /home/xtwhmyta/public_html/vendor/laravel/framework/src/Illuminate/Routing/Pipeline.php(33): Illuminate\Pipeline\Pipeline->Illuminate\Pipeline\{closure}(Object(Illuminate\Http\Request))
#67 /home/xtwhmyta/public_html/vendor/laravel/framework/src/Illuminate/Auth/Middleware/Authenticate.php(43): Illuminate\Routing\Pipeline->Illuminate\Routing\{closure}(Object(Illuminate\Http\Request))
#68 /home/xtwhmyta/public_html/vendor/laravel/framework/src/Illuminate/Pipeline/Pipeline.php(137): Illuminate\Auth\Middleware\Authenticate->handle(Object(Illuminate\Http\Request), Object(Closure))
#69 /home/xtwhmyta/public_html/vendor/laravel/framework/src/Illuminate/Routing/Pipeline.php(33): Illuminate\Pipeline\Pipeline->Illuminate\Pipeline\{closure}(Object(Illuminate\Http\Request))
#70 /home/xtwhmyta/public_html/vendor/laravel/framework/src/Illuminate/Pipeline/Pipeline.php(104): Illuminate\Routing\Pipeline->Illuminate\Routing\{closure}(Object(Illuminate\Http\Request))
#71 /home/xtwhmyta/public_html/vendor/laravel/framework/src/Illuminate/Routing/Router.php(655): Illuminate\Pipeline\Pipeline->then(Object(Closure))
#72 /home/xtwhmyta/public_html/vendor/laravel/framework/src/Illuminate/Routing/Router.php(629): Illuminate\Routing\Router->runRouteWithinStack(Object(Illuminate\Routing\Route), Object(Illuminate\Http\Request))
#73 /home/xtwhmyta/public_html/vendor/laravel/framework/src/Illuminate/Routing/Router.php(607): Illuminate\Routing\Router->dispatchToRoute(Object(Illuminate\Http\Request))
#74 /home/xtwhmyta/public_html/vendor/laravel/framework/src/Illuminate/Foundation/Http/Kernel.php(268): Illuminate\Routing\Router->dispatch(Object(Illuminate\Http\Request))
#75 /home/xtwhmyta/public_html/vendor/laravel/framework/src/Illuminate/Routing/Pipeline.php(53): Illuminate\Foundation\Http\Kernel->Illuminate\Foundation\Http\{closure}(Object(Illuminate\Http\Request))
#76 /home/xtwhmyta/public_html/vendor/anomaly/streams-platform/src/Http/Middleware/SetLocale.php(88): Illuminate\Routing\Pipeline->Illuminate\Routing\{closure}(Object(Illuminate\Http\Request))
#77 /home/xtwhmyta/public_html/vendor/laravel/framework/src/Illuminate/Pipeline/Pipeline.php(137): Anomaly\Streams\Platform\Http\Middleware\SetLocale->handle(Object(Illuminate\Http\Request), Object(Closure))
#78 /home/xtwhmyta/public_html/vendor/laravel/framework/src/Illuminate/Routing/Pipeline.php(33): Illuminate\Pipeline\Pipeline->Illuminate\Pipeline\{closure}(Object(Illuminate\Http\Request))
#79 /home/xtwhmyta/public_html/vendor/laravel/framework/src/Illuminate/View/Middleware/ShareErrorsFromSession.php(49): Illuminate\Routing\Pipeline->Illuminate\Routing\{closure}(Object(Illuminate\Http\Request))
#80 /home/xtwhmyta/public_html/vendor/laravel/framework/src/Illuminate/Pipeline/Pipeline.php(137): Illuminate\View\Middleware\ShareErrorsFromSession->handle(Object(Illuminate\Http\Request), Object(Closure))
#81 /home/xtwhmyta/public_html/vendor/laravel/framework/src/Illuminate/Routing/Pipeline.php(33): Illuminate\Pipeline\Pipeline->Illuminate\Pipeline\{closure}(Object(Illuminate\Http\Request))
#82 /home/xtwhmyta/public_html/vendor/laravel/framework/src/Illuminate/Session/Middleware/StartSession.php(64): Illuminate\Routing\Pipeline->Illuminate\Routing\{closure}(Object(Illuminate\Http\Request))
#83 /home/xtwhmyta/public_html/vendor/laravel/framework/src/Illuminate/Pipeline/Pipeline.php(137): Illuminate\Session\Middleware\StartSession->handle(Object(Illuminate\Http\Request), Object(Closure))
#84 /home/xtwhmyta/public_html/vendor/laravel/framework/src/Illuminate/Routing/Pipeline.php(33): Illuminate\Pipeline\Pipeline->Illuminate\Pipeline\{closure}(Object(Illuminate\Http\Request))
#85 /home/xtwhmyta/public_html/vendor/laravel/framework/src/Illuminate/Cookie/Middleware/AddQueuedCookiesToResponse.php(37): Illuminate\Routing\Pipeline->Illuminate\Routing\{closure}(Object(Illuminate\Http\Request))
#86 /home/xtwhmyta/public_html/vendor/laravel/framework/src/Illuminate/Pipeline/Pipeline.php(137): Illuminate\Cookie\Middleware\AddQueuedCookiesToResponse->handle(Object(Illuminate\Http\Request), Object(Closure))
#87 /home/xtwhmyta/public_html/vendor/laravel/framework/src/Illuminate/Routing/Pipeline.php(33): Illuminate\Pipeline\Pipeline->Illuminate\Pipeline\{closure}(Object(Illuminate\Http\Request))
#88 /home/xtwhmyta/public_html/vendor/laravel/framework/src/Illuminate/Cookie/Middleware/EncryptCookies.php(59): Illuminate\Routing\Pipeline->Illuminate\Routing\{closure}(Object(Illuminate\Http\Request))
#89 /home/xtwhmyta/public_html/vendor/laravel/framework/src/Illuminate/Pipeline/Pipeline.php(137): Illuminate\Cookie\Middleware\EncryptCookies->handle(Object(Illuminate\Http\Request), Object(Closure))
#90 /home/xtwhmyta/public_html/vendor/laravel/framework/src/Illuminate/Routing/Pipeline.php(33): Illuminate\Pipeline\Pipeline->Illuminate\Pipeline\{closure}(Object(Illuminate\Http\Request))
#91 /home/xtwhmyta/public_html/vendor/laravel/framework/src/Illuminate/Pipeline/Pipeline.php(104): Illuminate\Routing\Pipeline->Illuminate\Routing\{closure}(Object(Illuminate\Http\Request))
#92 /home/xtwhmyta/public_html/vendor/laravel/framework/src/Illuminate/Foundation/Http/Kernel.php(150): Illuminate\Pipeline\Pipeline->then(Object(Closure))
#93 /home/xtwhmyta/public_html/vendor/laravel/framework/src/Illuminate/Foundation/Http/Kernel.php(117): Illuminate\Foundation\Http\Kernel->sendRequestThroughRouter(Object(Illuminate\Http\Request))
#94 /home/xtwhmyta/public_html/public/index.php(53): Illuminate\Foundation\Http\Kernel->handle(Object(Illuminate\Http\Request))
#95 {main}

Next Doctrine\DBAL\Driver\PDOException: SQLSTATE[42S02]: Base table or view not found: 1146 Table 'xtwhmyta_db.toyotadjakarta_slideshows_intros' doesn't exist in /home/xtwhmyta/public_html/vendor/doctrine/dbal/lib/Doctrine/DBAL/Driver/PDOConnection.php:79
Stack trace:
#0 /home/xtwhmyta/public_html/vendor/laravel/framework/src/Illuminate/Database/Connection.php(333): Doctrine\DBAL\Driver\PDOConnection->prepare('select count(*)...')
#1 /home/xtwhmyta/public_html/vendor/laravel/framework/src/Illuminate/Database/Connection.php(763): Illuminate\Database\Connection->Illuminate\Database\{closure}(Object(Illuminate\Database\MySqlConnection), 'select count(*)...', Array)
#2 /home/xtwhmyta/public_html/vendor/laravel/framework/src/Illuminate/Database/Connection.php(726): Illuminate\Database\Connection->runQueryCallback('select count(*)...', Array, Object(Closure))
#3 /home/xtwhmyta/public_html/vendor/laravel/framework/src/Illuminate/Database/Connection.php(351): Illuminate\Database\Connection->run('select count(*)...', Array, Object(Closure))
#4 /home/xtwhmyta/public_html/vendor/laravel/framework/src/Illuminate/Database/Query/Builder.php(1648): Illuminate\Database\Connection->select('select count(*)...', Array, true)
#5 /home/xtwhmyta/public_html/vendor/laravel/framework/src/Illuminate/Database/Query/Builder.php(1634): Illuminate\Database\Query\Builder->runSelect()
#6 /home/xtwhmyta/public_html/vendor/laravel/framework/src/Illuminate/Database/Query/Builder.php(2049): Illuminate\Database\Query\Builder->get(Array)
#7 /home/xtwhmyta/public_html/vendor/laravel/framework/src/Illuminate/Database/Query/Builder.php(1969): Illuminate\Database\Query\Builder->aggregate('count', Array)
#8 /home/xtwhmyta/public_html/vendor/laravel/framework/src/Illuminate/Database/Eloquent/Builder.php(1470): Illuminate\Database\Query\Builder->count()
#9 /home/xtwhmyta/public_html/vendor/anomaly/streams-platform/src/Model/EloquentTableRepository.php(83): Illuminate\Database\Eloquent\Builder->__call('count', Array)
#10 /home/xtwhmyta/public_html/vendor/anomaly/streams-platform/src/Ui/Table/Command/GetTableEntries.php(66): Anomaly\Streams\Platform\Model\EloquentTableRepository->get(Object(Toyotadjakarta\SlideshowsModule\Intro\Table\IntroTableBuilder))
#11 [internal function]: Anomaly\Streams\Platform\Ui\Table\Command\GetTableEntries->handle()
#12 /home/xtwhmyta/public_html/vendor/laravel/framework/src/Illuminate/Container/Container.php(508): call_user_func_array(Array, Array)
#13 /home/xtwhmyta/public_html/vendor/laravel/framework/src/Illuminate/Bus/Dispatcher.php(94): Illuminate\Container\Container->call(Array)
#14 /home/xtwhmyta/public_html/vendor/laravel/framework/src/Illuminate/Pipeline/Pipeline.php(151): Illuminate\Bus\Dispatcher->Illuminate\Bus\{closure}(Object(Anomaly\Streams\Platform\Ui\Table\Command\GetTableEntries))
#15 /home/xtwhmyta/public_html/vendor/laravel/framework/src/Illuminate/Pipeline/Pipeline.php(104): Illuminate\Pipeline\Pipeline->Illuminate\Pipeline\{closure}(Object(Anomaly\Streams\Platform\Ui\Table\Command\GetTableEntries))
#16 /home/xtwhmyta/public_html/vendor/laravel/framework/src/Illuminate/Bus/Dispatcher.php(98): Illuminate\Pipeline\Pipeline->then(Object(Closure))
#17 /home/xtwhmyta/public_html/vendor/laravel/framework/src/Illuminate/Bus/Dispatcher.php(75): Illuminate\Bus\Dispatcher->dispatchNow(Object(Anomaly\Streams\Platform\Ui\Table\Command\GetTableEntries))
#18 /home/xtwhmyta/public_html/vendor/laravel/framework/src/Illuminate/Foundation/Bus/DispatchesJobs.php(17): Illuminate\Bus\Dispatcher->dispatch(Object(Anomaly\Streams\Platform\Ui\Table\Command\GetTableEntries))
#19 /home/xtwhmyta/public_html/vendor/anomaly/streams-platform/src/Ui/Table/Command/BuildTable.php(95): Anomaly\Streams\Platform\Ui\Table\Command\BuildTable->dispatch(Object(Anomaly\Streams\Platform\Ui\Table\Command\GetTableEntries))
#20 [internal function]: Anomaly\Streams\Platform\Ui\Table\Command\BuildTable->handle()
#21 /home/xtwhmyta/public_html/vendor/laravel/framework/src/Illuminate/Container/Container.php(508): call_user_func_array(Array, Array)
#22 /home/xtwhmyta/public_html/vendor/laravel/framework/src/Illuminate/Bus/Dispatcher.php(94): Illuminate\Container\Container->call(Array)
#23 /home/xtwhmyta/public_html/vendor/laravel/framework/src/Illuminate/Pipeline/Pipeline.php(151): Illuminate\Bus\Dispatcher->Illuminate\Bus\{closure}(Object(Anomaly\Streams\Platform\Ui\Table\Command\BuildTable))
#24 /home/xtwhmyta/public_html/vendor/laravel/framework/src/Illuminate/Pipeline/Pipeline.php(104): Illuminate\Pipeline\Pipeline->Illuminate\Pipeline\{closure}(Object(Anomaly\Streams\Platform\Ui\Table\Command\BuildTable))
#25 /home/xtwhmyta/public_html/vendor/laravel/framework/src/Illuminate/Bus/Dispatcher.php(98): Illuminate\Pipeline\Pipeline->then(Object(Closure))
#26 /home/xtwhmyta/public_html/vendor/laravel/framework/src/Illuminate/Bus/Dispatcher.php(75): Illuminate\Bus\Dispatcher->dispatchNow(Object(Anomaly\Streams\Platform\Ui\Table\Command\BuildTable))
#27 /home/xtwhmyta/public_html/vendor/laravel/framework/src/Illuminate/Foundation/Bus/DispatchesJobs.php(17): Illuminate\Bus\Dispatcher->dispatch(Object(Anomaly\Streams\Platform\Ui\Table\Command\BuildTable))
#28 /home/xtwhmyta/public_html/vendor/anomaly/streams-platform/src/Ui/Table/TableBuilder.php(134): Anomaly\Streams\Platform\Ui\Table\TableBuilder->dispatch(Object(Anomaly\Streams\Platform\Ui\Table\Command\BuildTable))
#29 /home/xtwhmyta/public_html/vendor/anomaly/streams-platform/src/Ui/Table/TableBuilder.php(148): Anomaly\Streams\Platform\Ui\Table\TableBuilder->build()
#30 /home/xtwhmyta/public_html/vendor/anomaly/streams-platform/src/Ui/Table/TableBuilder.php(191): Anomaly\Streams\Platform\Ui\Table\TableBuilder->make()
#31 /home/xtwhmyta/public_html/addons/toyotadjakarta/toyotadjakarta/slideshows-module/src/Http/Controller/Admin/IntrosController.php(18): Anomaly\Streams\Platform\Ui\Table\TableBuilder->render()
#32 [internal function]: Toyotadjakarta\SlideshowsModule\Http\Controller\Admin\IntrosController->index(Object(Toyotadjakarta\SlideshowsModule\Intro\Table\IntroTableBuilder))
#33 /home/xtwhmyta/public_html/vendor/laravel/framework/src/Illuminate/Routing/Controller.php(55): call_user_func_array(Array, Array)
#34 /home/xtwhmyta/public_html/vendor/laravel/framework/src/Illuminate/Routing/ControllerDispatcher.php(44): Illuminate\Routing\Controller->callAction('index', Array)
#35 /home/xtwhmyta/public_html/vendor/laravel/framework/src/Illuminate/Routing/Route.php(189): Illuminate\Routing\ControllerDispatcher->dispatch(Object(Illuminate\Routing\Route), Object(Toyotadjakarta\SlideshowsModule\Http\Controller\Admin\IntrosController), 'index')
#36 /home/xtwhmyta/public_html/vendor/laravel/framework/src/Illuminate/Routing/Route.php(144): Illuminate\Routing\Route->runController()
#37 /home/xtwhmyta/public_html/vendor/laravel/framework/src/Illuminate/Routing/Router.php(653): Illuminate\Routing\Route->run(Object(Illuminate\Http\Request))
#38 /home/xtwhmyta/public_html/vendor/laravel/framework/src/Illuminate/Routing/Pipeline.php(53): Illuminate\Routing\Router->Illuminate\Routing\{closure}(Object(Illuminate\Http\Request))
#39 /home/xtwhmyta/public_html/vendor/anomaly/streams-platform/src/Http/Middleware/ApplicationReady.php(49): Illuminate\Routing\Pipeline->Illuminate\Routing\{closure}(Object(Illuminate\Http\Request))
#40 /home/xtwhmyta/public_html/vendor/laravel/framework/src/Illuminate/Pipeline/Pipeline.php(137): Anomaly\Streams\Platform\Http\Middleware\ApplicationReady->handle(Object(Illuminate\Http\Request), Object(Closure))
#41 /home/xtwhmyta/public_html/vendor/laravel/framework/src/Illuminate/Routing/Pipeline.php(33): Illuminate\Pipeline\Pipeline->Illuminate\Pipeline\{closure}(Object(Illuminate\Http\Request))
#42 /home/xtwhmyta/public_html/vendor/anomaly/streams-platform/src/Http/Middleware/SetLocale.php(88): Illuminate\Routing\Pipeline->Illuminate\Routing\{closure}(Object(Illuminate\Http\Request))
#43 /home/xtwhmyta/public_html/vendor/laravel/framework/src/Illuminate/Pipeline/Pipeline.php(137): Anomaly\Streams\Platform\Http\Middleware\SetLocale->handle(Object(Illuminate\Http\Request), Object(Closure))
#44 /home/xtwhmyta/public_html/vendor/laravel/framework/src/Illuminate/Routing/Pipeline.php(33): Illuminate\Pipeline\Pipeline->Illuminate\Pipeline\{closure}(Object(Illuminate\Http\Request))
#45 /home/xtwhmyta/public_html/vendor/anomaly/streams-platform/src/Http/Middleware/PoweredBy.php(38): Illuminate\Routing\Pipeline->Illuminate\Routing\{closure}(Object(Illuminate\Http\Request))
#46 /home/xtwhmyta/public_html/vendor/laravel/framework/src/Illuminate/Pipeline/Pipeline.php(137): Anomaly\Streams\Platform\Http\Middleware\PoweredBy->handle(Object(Illuminate\Http\Request), Object(Closure))
#47 /home/xtwhmyta/public_html/vendor/laravel/framework/src/Illuminate/Routing/Pipeline.php(33): Illuminate\Pipeline\Pipeline->Illuminate\Pipeline\{closure}(Object(Illuminate\Http\Request))
#48 /home/xtwhmyta/public_html/vendor/anomaly/streams-platform/src/Http/Middleware/VerifyCsrfToken.php(106): Illuminate\Routing\Pipeline->Illuminate\Routing\{closure}(Object(Illuminate\Http\Request))
#49 /home/xtwhmyta/public_html/vendor/laravel/framework/src/Illuminate/Pipeline/Pipeline.php(137): Anomaly\Streams\Platform\Http\Middleware\VerifyCsrfToken->handle(Object(Illuminate\Http\Request), Object(Closure))
#50 /home/xtwhmyta/public_html/vendor/laravel/framework/src/Illuminate/Routing/Pipeline.php(33): Illuminate\Pipeline\Pipeline->Illuminate\Pipeline\{closure}(Object(Illuminate\Http\Request))
#51 /home/xtwhmyta/public_html/core/anomaly/users-module/src/Http/Middleware/AuthorizeRoutePermission.php(107): Illuminate\Routing\Pipeline->Illuminate\Routing\{closure}(Object(Illuminate\Http\Request))
#52 /home/xtwhmyta/public_html/vendor/laravel/framework/src/Illuminate/Pipeline/Pipeline.php(137): Anomaly\UsersModule\Http\Middleware\AuthorizeRoutePermission->handle(Object(Illuminate\Http\Request), Object(Closure))
#53 /home/xtwhmyta/public_html/vendor/laravel/framework/src/Illuminate/Routing/Pipeline.php(33): Illuminate\Pipeline\Pipeline->Illuminate\Pipeline\{closure}(Object(Illuminate\Http\Request))
#54 /home/xtwhmyta/public_html/core/anomaly/users-module/src/Http/Middleware/AuthorizeControlPanel.php(51): Illuminate\Routing\Pipeline->Illuminate\Routing\{closure}(Object(Illuminate\Http\Request))
#55 /home/xtwhmyta/public_html/vendor/laravel/framework/src/Illuminate/Pipeline/Pipeline.php(137): Anomaly\UsersModule\Http\Middleware\AuthorizeControlPanel->handle(Object(Illuminate\Http\Request), Object(Closure))
#56 /home/xtwhmyta/public_html/vendor/laravel/framework/src/Illuminate/Routing/Pipeline.php(33): Illuminate\Pipeline\Pipeline->Illuminate\Pipeline\{closure}(Object(Illuminate\Http\Request))
#57 /home/xtwhmyta/public_html/core/anomaly/users-module/src/Http/Middleware/AuthorizeModuleAccess.php(63): Illuminate\Routing\Pipeline->Illuminate\Routing\{closure}(Object(Illuminate\Http\Request))
#58 /home/xtwhmyta/public_html/vendor/laravel/framework/src/Illuminate/Pipeline/Pipeline.php(137): Anomaly\UsersModule\Http\Middleware\AuthorizeModuleAccess->handle(Object(Illuminate\Http\Request), Object(Closure))
#59 /home/xtwhmyta/public_html/vendor/laravel/framework/src/Illuminate/Routing/Pipeline.php(33): Illuminate\Pipeline\Pipeline->Illuminate\Pipeline\{closure}(Object(Illuminate\Http\Request))
#60 /home/xtwhmyta/public_html/core/anomaly/users-module/src/Http/Middleware/AuthorizeRouteRoles.php(106): Illuminate\Routing\Pipeline->Illuminate\Routing\{closure}(Object(Illuminate\Http\Request))
#61 /home/xtwhmyta/public_html/vendor/laravel/framework/src/Illuminate/Pipeline/Pipeline.php(137): Anomaly\UsersModule\Http\Middleware\AuthorizeRouteRoles->handle(Object(Illuminate\Http\Request), Object(Closure))
#62 /home/xtwhmyta/public_html/vendor/laravel/framework/src/Illuminate/Routing/Pipeline.php(33): Illuminate\Pipeline\Pipeline->Illuminate\Pipeline\{closure}(Object(Illuminate\Http\Request))
#63 /home/xtwhmyta/public_html/core/anomaly/users-module/src/Http/Middleware/CheckSecurity.php(86): Illuminate\Routing\Pipeline->Illuminate\Routing\{closure}(Object(Illuminate\Http\Request))
#64 /home/xtwhmyta/public_html/vendor/laravel/framework/src/Illuminate/Pipeline/Pipeline.php(137): Anomaly\UsersModule\Http\Middleware\CheckSecurity->handle(Object(Illuminate\Http\Request), Object(Closure))
#65 /home/xtwhmyta/public_html/vendor/laravel/framework/src/Illuminate/Routing/Pipeline.php(33): Illuminate\Pipeline\Pipeline->Illuminate\Pipeline\{closure}(Object(Illuminate\Http\Request))
#66 /home/xtwhmyta/public_html/vendor/laravel/framework/src/Illuminate/Auth/Middleware/Authenticate.php(43): Illuminate\Routing\Pipeline->Illuminate\Routing\{closure}(Object(Illuminate\Http\Request))
#67 /home/xtwhmyta/public_html/vendor/laravel/framework/src/Illuminate/Pipeline/Pipeline.php(137): Illuminate\Auth\Middleware\Authenticate->handle(Object(Illuminate\Http\Request), Object(Closure))
#68 /home/xtwhmyta/public_html/vendor/laravel/framework/src/Illuminate/Routing/Pipeline.php(33): Illuminate\Pipeline\Pipeline->Illuminate\Pipeline\{closure}(Object(Illuminate\Http\Request))
#69 /home/xtwhmyta/public_html/vendor/laravel/framework/src/Illuminate/Pipeline/Pipeline.php(104): Illuminate\Routing\Pipeline->Illuminate\Routing\{closure}(Object(Illuminate\Http\Request))
#70 /home/xtwhmyta/public_html/vendor/laravel/framework/src/Illuminate/Routing/Router.php(655): Illuminate\Pipeline\Pipeline->then(Object(Closure))
#71 /home/xtwhmyta/public_html/vendor/laravel/framework/src/Illuminate/Routing/Router.php(629): Illuminate\Routing\Router->runRouteWithinStack(Object(Illuminate\Routing\Route), Object(Illuminate\Http\Request))
#72 /home/xtwhmyta/public_html/vendor/laravel/framework/src/Illuminate/Routing/Router.php(607): Illuminate\Routing\Router->dispatchToRoute(Object(Illuminate\Http\Request))
#73 /home/xtwhmyta/public_html/vendor/laravel/framework/src/Illuminate/Foundation/Http/Kernel.php(268): Illuminate\Routing\Router->dispatch(Object(Illuminate\Http\Request))
#74 /home/xtwhmyta/public_html/vendor/laravel/framework/src/Illuminate/Routing/Pipeline.php(53): Illuminate\Foundation\Http\Kernel->Illuminate\Foundation\Http\{closure}(Object(Illuminate\Http\Request))
#75 /home/xtwhmyta/public_html/vendor/anomaly/streams-platform/src/Http/Middleware/SetLocale.php(88): Illuminate\Routing\Pipeline->Illuminate\Routing\{closure}(Object(Illuminate\Http\Request))
#76 /home/xtwhmyta/public_html/vendor/laravel/framework/src/Illuminate/Pipeline/Pipeline.php(137): Anomaly\Streams\Platform\Http\Middleware\SetLocale->handle(Object(Illuminate\Http\Request), Object(Closure))
#77 /home/xtwhmyta/public_html/vendor/laravel/framework/src/Illuminate/Routing/Pipeline.php(33): Illuminate\Pipeline\Pipeline->Illuminate\Pipeline\{closure}(Object(Illuminate\Http\Request))
#78 /home/xtwhmyta/public_html/vendor/laravel/framework/src/Illuminate/View/Middleware/ShareErrorsFromSession.php(49): Illuminate\Routing\Pipeline->Illuminate\Routing\{closure}(Object(Illuminate\Http\Request))
#79 /home/xtwhmyta/public_html/vendor/laravel/framework/src/Illuminate/Pipeline/Pipeline.php(137): Illuminate\View\Middleware\ShareErrorsFromSession->handle(Object(Illuminate\Http\Request), Object(Closure))
#80 /home/xtwhmyta/public_html/vendor/laravel/framework/src/Illuminate/Routing/Pipeline.php(33): Illuminate\Pipeline\Pipeline->Illuminate\Pipeline\{closure}(Object(Illuminate\Http\Request))
#81 /home/xtwhmyta/public_html/vendor/laravel/framework/src/Illuminate/Session/Middleware/StartSession.php(64): Illuminate\Routing\Pipeline->Illuminate\Routing\{closure}(Object(Illuminate\Http\Request))
#82 /home/xtwhmyta/public_html/vendor/laravel/framework/src/Illuminate/Pipeline/Pipeline.php(137): Illuminate\Session\Middleware\StartSession->handle(Object(Illuminate\Http\Request), Object(Closure))
#83 /home/xtwhmyta/public_html/vendor/laravel/framework/src/Illuminate/Routing/Pipeline.php(33): Illuminate\Pipeline\Pipeline->Illuminate\Pipeline\{closure}(Object(Illuminate\Http\Request))
#84 /home/xtwhmyta/public_html/vendor/laravel/framework/src/Illuminate/Cookie/Middleware/AddQueuedCookiesToResponse.php(37): Illuminate\Routing\Pipeline->Illuminate\Routing\{closure}(Object(Illuminate\Http\Request))
#85 /home/xtwhmyta/public_html/vendor/laravel/framework/src/Illuminate/Pipeline/Pipeline.php(137): Illuminate\Cookie\Middleware\AddQueuedCookiesToResponse->handle(Object(Illuminate\Http\Request), Object(Closure))
#86 /home/xtwhmyta/public_html/vendor/laravel/framework/src/Illuminate/Routing/Pipeline.php(33): Illuminate\Pipeline\Pipeline->Illuminate\Pipeline\{closure}(Object(Illuminate\Http\Request))
#87 /home/xtwhmyta/public_html/vendor/laravel/framework/src/Illuminate/Cookie/Middleware/EncryptCookies.php(59): Illuminate\Routing\Pipeline->Illuminate\Routing\{closure}(Object(Illuminate\Http\Request))
#88 /home/xtwhmyta/public_html/vendor/laravel/framework/src/Illuminate/Pipeline/Pipeline.php(137): Illuminate\Cookie\Middleware\EncryptCookies->handle(Object(Illuminate\Http\Request), Object(Closure))
#89 /home/xtwhmyta/public_html/vendor/laravel/framework/src/Illuminate/Routing/Pipeline.php(33): Illuminate\Pipeline\Pipeline->Illuminate\Pipeline\{closure}(Object(Illuminate\Http\Request))
#90 /home/xtwhmyta/public_html/vendor/laravel/framework/src/Illuminate/Pipeline/Pipeline.php(104): Illuminate\Routing\Pipeline->Illuminate\Routing\{closure}(Object(Illuminate\Http\Request))
#91 /home/xtwhmyta/public_html/vendor/laravel/framework/src/Illuminate/Foundation/Http/Kernel.php(150): Illuminate\Pipeline\Pipeline->then(Object(Closure))
#92 /home/xtwhmyta/public_html/vendor/laravel/framework/src/Illuminate/Foundation/Http/Kernel.php(117): Illuminate\Foundation\Http\Kernel->sendRequestThroughRouter(Object(Illuminate\Http\Request))
#93 /home/xtwhmyta/public_html/public/index.php(53): Illuminate\Foundation\Http\Kernel->handle(Object(Illuminate\Http\Request))
#94 {main}

Next Illuminate\Database\QueryException: SQLSTATE[42S02]: Base table or view not found: 1146 Table 'xtwhmyta_db.toyotadjakarta_slideshows_intros' doesn't exist (SQL: select count(*) as aggregate from `toyotadjakarta_slideshows_intros`) in /home/xtwhmyta/public_html/vendor/laravel/framework/src/Illuminate/Database/Connection.php:770
Stack trace:
#0 /home/xtwhmyta/public_html/vendor/laravel/framework/src/Illuminate/Database/Connection.php(726): Illuminate\Database\Connection->runQueryCallback('select count(*)...', Array, Object(Closure))
#1 /home/xtwhmyta/public_html/vendor/laravel/framework/src/Illuminate/Database/Connection.php(351): Illuminate\Database\Connection->run('select count(*)...', Array, Object(Closure))
#2 /home/xtwhmyta/public_html/vendor/laravel/framework/src/Illuminate/Database/Query/Builder.php(1648): Illuminate\Database\Connection->select('select count(*)...', Array, true)
#3 /home/xtwhmyta/public_html/vendor/laravel/framework/src/Illuminate/Database/Query/Builder.php(1634): Illuminate\Database\Query\Builder->runSelect()
#4 /home/xtwhmyta/public_html/vendor/laravel/framework/src/Illuminate/Database/Query/Builder.php(2049): Illuminate\Database\Query\Builder->get(Array)
#5 /home/xtwhmyta/public_html/vendor/laravel/framework/src/Illuminate/Database/Query/Builder.php(1969): Illuminate\Database\Query\Builder->aggregate('count', Array)
#6 /home/xtwhmyta/public_html/vendor/laravel/framework/src/Illuminate/Database/Eloquent/Builder.php(1470): Illuminate\Database\Query\Builder->count()
#7 /home/xtwhmyta/public_html/vendor/anomaly/streams-platform/src/Model/EloquentTableRepository.php(83): Illuminate\Database\Eloquent\Builder->__call('count', Array)
#8 /home/xtwhmyta/public_html/vendor/anomaly/streams-platform/src/Ui/Table/Command/GetTableEntries.php(66): Anomaly\Streams\Platform\Model\EloquentTableRepository->get(Object(Toyotadjakarta\SlideshowsModule\Intro\Table\IntroTableBuilder))
#9 [internal function]: Anomaly\Streams\Platform\Ui\Table\Command\GetTableEntries->handle()
#10 /home/xtwhmyta/public_html/vendor/laravel/framework/src/Illuminate/Container/Container.php(508): call_user_func_array(Array, Array)
#11 /home/xtwhmyta/public_html/vendor/laravel/framework/src/Illuminate/Bus/Dispatcher.php(94): Illuminate\Container\Container->call(Array)
#12 /home/xtwhmyta/public_html/vendor/laravel/framework/src/Illuminate/Pipeline/Pipeline.php(151): Illuminate\Bus\Dispatcher->Illuminate\Bus\{closure}(Object(Anomaly\Streams\Platform\Ui\Table\Command\GetTableEntries))
#13 /home/xtwhmyta/public_html/vendor/laravel/framework/src/Illuminate/Pipeline/Pipeline.php(104): Illuminate\Pipeline\Pipeline->Illuminate\Pipeline\{closure}(Object(Anomaly\Streams\Platform\Ui\Table\Command\GetTableEntries))
#14 /home/xtwhmyta/public_html/vendor/laravel/framework/src/Illuminate/Bus/Dispatcher.php(98): Illuminate\Pipeline\Pipeline->then(Object(Closure))
#15 /home/xtwhmyta/public_html/vendor/laravel/framework/src/Illuminate/Bus/Dispatcher.php(75): Illuminate\Bus\Dispatcher->dispatchNow(Object(Anomaly\Streams\Platform\Ui\Table\Command\GetTableEntries))
#16 /home/xtwhmyta/public_html/vendor/laravel/framework/src/Illuminate/Foundation/Bus/DispatchesJobs.php(17): Illuminate\Bus\Dispatcher->dispatch(Object(Anomaly\Streams\Platform\Ui\Table\Command\GetTableEntries))
#17 /home/xtwhmyta/public_html/vendor/anomaly/streams-platform/src/Ui/Table/Command/BuildTable.php(95): Anomaly\Streams\Platform\Ui\Table\Command\BuildTable->dispatch(Object(Anomaly\Streams\Platform\Ui\Table\Command\GetTableEntries))
#18 [internal function]: Anomaly\Streams\Platform\Ui\Table\Command\BuildTable->handle()
#19 /home/xtwhmyta/public_html/vendor/laravel/framework/src/Illuminate/Container/Container.php(508): call_user_func_array(Array, Array)
#20 /home/xtwhmyta/public_html/vendor/laravel/framework/src/Illuminate/Bus/Dispatcher.php(94): Illuminate\Container\Container->call(Array)
#21 /home/xtwhmyta/public_html/vendor/laravel/framework/src/Illuminate/Pipeline/Pipeline.php(151): Illuminate\Bus\Dispatcher->Illuminate\Bus\{closure}(Object(Anomaly\Streams\Platform\Ui\Table\Command\BuildTable))
#22 /home/xtwhmyta/public_html/vendor/laravel/framework/src/Illuminate/Pipeline/Pipeline.php(104): Illuminate\Pipeline\Pipeline->Illuminate\Pipeline\{closure}(Object(Anomaly\Streams\Platform\Ui\Table\Command\BuildTable))
#23 /home/xtwhmyta/public_html/vendor/laravel/framework/src/Illuminate/Bus/Dispatcher.php(98): Illuminate\Pipeline\Pipeline->then(Object(Closure))
#24 /home/xtwhmyta/public_html/vendor/laravel/framework/src/Illuminate/Bus/Dispatcher.php(75): Illuminate\Bus\Dispatcher->dispatchNow(Object(Anomaly\Streams\Platform\Ui\Table\Command\BuildTable))
#25 /home/xtwhmyta/public_html/vendor/laravel/framework/src/Illuminate/Foundation/Bus/DispatchesJobs.php(17): Illuminate\Bus\Dispatcher->dispatch(Object(Anomaly\Streams\Platform\Ui\Table\Command\BuildTable))
#26 /home/xtwhmyta/public_html/vendor/anomaly/streams-platform/src/Ui/Table/TableBuilder.php(134): Anomaly\Streams\Platform\Ui\Table\TableBuilder->dispatch(Object(Anomaly\Streams\Platform\Ui\Table\Command\BuildTable))
#27 /home/xtwhmyta/public_html/vendor/anomaly/streams-platform/src/Ui/Table/TableBuilder.php(148): Anomaly\Streams\Platform\Ui\Table\TableBuilder->build()
#28 /home/xtwhmyta/public_html/vendor/anomaly/streams-platform/src/Ui/Table/TableBuilder.php(191): Anomaly\Streams\Platform\Ui\Table\TableBuilder->make()
#29 /home/xtwhmyta/public_html/addons/toyotadjakarta/toyotadjakarta/slideshows-module/src/Http/Controller/Admin/IntrosController.php(18): Anomaly\Streams\Platform\Ui\Table\TableBuilder->render()
#30 [internal function]: Toyotadjakarta\SlideshowsModule\Http\Controller\Admin\IntrosController->index(Object(Toyotadjakarta\SlideshowsModule\Intro\Table\IntroTableBuilder))
#31 /home/xtwhmyta/public_html/vendor/laravel/framework/src/Illuminate/Routing/Controller.php(55): call_user_func_array(Array, Array)
#32 /home/xtwhmyta/public_html/vendor/laravel/framework/src/Illuminate/Routing/ControllerDispatcher.php(44): Illuminate\Routing\Controller->callAction('index', Array)
#33 /home/xtwhmyta/public_html/vendor/laravel/framework/src/Illuminate/Routing/Route.php(189): Illuminate\Routing\ControllerDispatcher->dispatch(Object(Illuminate\Routing\Route), Object(Toyotadjakarta\SlideshowsModule\Http\Controller\Admin\IntrosController), 'index')
#34 /home/xtwhmyta/public_html/vendor/laravel/framework/src/Illuminate/Routing/Route.php(144): Illuminate\Routing\Route->runController()
#35 /home/xtwhmyta/public_html/vendor/laravel/framework/src/Illuminate/Routing/Router.php(653): Illuminate\Routing\Route->run(Object(Illuminate\Http\Request))
#36 /home/xtwhmyta/public_html/vendor/laravel/framework/src/Illuminate/Routing/Pipeline.php(53): Illuminate\Routing\Router->Illuminate\Routing\{closure}(Object(Illuminate\Http\Request))
#37 /home/xtwhmyta/public_html/vendor/anomaly/streams-platform/src/Http/Middleware/ApplicationReady.php(49): Illuminate\Routing\Pipeline->Illuminate\Routing\{closure}(Object(Illuminate\Http\Request))
#38 /home/xtwhmyta/public_html/vendor/laravel/framework/src/Illuminate/Pipeline/Pipeline.php(137): Anomaly\Streams\Platform\Http\Middleware\ApplicationReady->handle(Object(Illuminate\Http\Request), Object(Closure))
#39 /home/xtwhmyta/public_html/vendor/laravel/framework/src/Illuminate/Routing/Pipeline.php(33): Illuminate\Pipeline\Pipeline->Illuminate\Pipeline\{closure}(Object(Illuminate\Http\Request))
#40 /home/xtwhmyta/public_html/vendor/anomaly/streams-platform/src/Http/Middleware/SetLocale.php(88): Illuminate\Routing\Pipeline->Illuminate\Routing\{closure}(Object(Illuminate\Http\Request))
#41 /home/xtwhmyta/public_html/vendor/laravel/framework/src/Illuminate/Pipeline/Pipeline.php(137): Anomaly\Streams\Platform\Http\Middleware\SetLocale->handle(Object(Illuminate\Http\Request), Object(Closure))
#42 /home/xtwhmyta/public_html/vendor/laravel/framework/src/Illuminate/Routing/Pipeline.php(33): Illuminate\Pipeline\Pipeline->Illuminate\Pipeline\{closure}(Object(Illuminate\Http\Request))
#43 /home/xtwhmyta/public_html/vendor/anomaly/streams-platform/src/Http/Middleware/PoweredBy.php(38): Illuminate\Routing\Pipeline->Illuminate\Routing\{closure}(Object(Illuminate\Http\Request))
#44 /home/xtwhmyta/public_html/vendor/laravel/framework/src/Illuminate/Pipeline/Pipeline.php(137): Anomaly\Streams\Platform\Http\Middleware\PoweredBy->handle(Object(Illuminate\Http\Request), Object(Closure))
#45 /home/xtwhmyta/public_html/vendor/laravel/framework/src/Illuminate/Routing/Pipeline.php(33): Illuminate\Pipeline\Pipeline->Illuminate\Pipeline\{closure}(Object(Illuminate\Http\Request))
#46 /home/xtwhmyta/public_html/vendor/anomaly/streams-platform/src/Http/Middleware/VerifyCsrfToken.php(106): Illuminate\Routing\Pipeline->Illuminate\Routing\{closure}(Object(Illuminate\Http\Request))
#47 /home/xtwhmyta/public_html/vendor/laravel/framework/src/Illuminate/Pipeline/Pipeline.php(137): Anomaly\Streams\Platform\Http\Middleware\VerifyCsrfToken->handle(Object(Illuminate\Http\Request), Object(Closure))
#48 /home/xtwhmyta/public_html/vendor/laravel/framework/src/Illuminate/Routing/Pipeline.php(33): Illuminate\Pipeline\Pipeline->Illuminate\Pipeline\{closure}(Object(Illuminate\Http\Request))
#49 /home/xtwhmyta/public_html/core/anomaly/users-module/src/Http/Middleware/AuthorizeRoutePermission.php(107): Illuminate\Routing\Pipeline->Illuminate\Routing\{closure}(Object(Illuminate\Http\Request))
#50 /home/xtwhmyta/public_html/vendor/laravel/framework/src/Illuminate/Pipeline/Pipeline.php(137): Anomaly\UsersModule\Http\Middleware\AuthorizeRoutePermission->handle(Object(Illuminate\Http\Request), Object(Closure))
#51 /home/xtwhmyta/public_html/vendor/laravel/framework/src/Illuminate/Routing/Pipeline.php(33): Illuminate\Pipeline\Pipeline->Illuminate\Pipeline\{closure}(Object(Illuminate\Http\Request))
#52 /home/xtwhmyta/public_html/core/anomaly/users-module/src/Http/Middleware/AuthorizeControlPanel.php(51): Illuminate\Routing\Pipeline->Illuminate\Routing\{closure}(Object(Illuminate\Http\Request))
#53 /home/xtwhmyta/public_html/vendor/laravel/framework/src/Illuminate/Pipeline/Pipeline.php(137): Anomaly\UsersModule\Http\Middleware\AuthorizeControlPanel->handle(Object(Illuminate\Http\Request), Object(Closure))
#54 /home/xtwhmyta/public_html/vendor/laravel/framework/src/Illuminate/Routing/Pipeline.php(33): Illuminate\Pipeline\Pipeline->Illuminate\Pipeline\{closure}(Object(Illuminate\Http\Request))
#55 /home/xtwhmyta/public_html/core/anomaly/users-module/src/Http/Middleware/AuthorizeModuleAccess.php(63): Illuminate\Routing\Pipeline->Illuminate\Routing\{closure}(Object(Illuminate\Http\Request))
#56 /home/xtwhmyta/public_html/vendor/laravel/framework/src/Illuminate/Pipeline/Pipeline.php(137): Anomaly\UsersModule\Http\Middleware\AuthorizeModuleAccess->handle(Object(Illuminate\Http\Request), Object(Closure))
#57 /home/xtwhmyta/public_html/vendor/laravel/framework/src/Illuminate/Routing/Pipeline.php(33): Illuminate\Pipeline\Pipeline->Illuminate\Pipeline\{closure}(Object(Illuminate\Http\Request))
#58 /home/xtwhmyta/public_html/core/anomaly/users-module/src/Http/Middleware/AuthorizeRouteRoles.php(106): Illuminate\Routing\Pipeline->Illuminate\Routing\{closure}(Object(Illuminate\Http\Request))
#59 /home/xtwhmyta/public_html/vendor/laravel/framework/src/Illuminate/Pipeline/Pipeline.php(137): Anomaly\UsersModule\Http\Middleware\AuthorizeRouteRoles->handle(Object(Illuminate\Http\Request), Object(Closure))
#60 /home/xtwhmyta/public_html/vendor/laravel/framework/src/Illuminate/Routing/Pipeline.php(33): Illuminate\Pipeline\Pipeline->Illuminate\Pipeline\{closure}(Object(Illuminate\Http\Request))
#61 /home/xtwhmyta/public_html/core/anomaly/users-module/src/Http/Middleware/CheckSecurity.php(86): Illuminate\Routing\Pipeline->Illuminate\Routing\{closure}(Object(Illuminate\Http\Request))
#62 /home/xtwhmyta/public_html/vendor/laravel/framework/src/Illuminate/Pipeline/Pipeline.php(137): Anomaly\UsersModule\Http\Middleware\CheckSecurity->handle(Object(Illuminate\Http\Request), Object(Closure))
#63 /home/xtwhmyta/public_html/vendor/laravel/framework/src/Illuminate/Routing/Pipeline.php(33): Illuminate\Pipeline\Pipeline->Illuminate\Pipeline\{closure}(Object(Illuminate\Http\Request))
#64 /home/xtwhmyta/public_html/vendor/laravel/framework/src/Illuminate/Auth/Middleware/Authenticate.php(43): Illuminate\Routing\Pipeline->Illuminate\Routing\{closure}(Object(Illuminate\Http\Request))
#65 /home/xtwhmyta/public_html/vendor/laravel/framework/src/Illuminate/Pipeline/Pipeline.php(137): Illuminate\Auth\Middleware\Authenticate->handle(Object(Illuminate\Http\Request), Object(Closure))
#66 /home/xtwhmyta/public_html/vendor/laravel/framework/src/Illuminate/Routing/Pipeline.php(33): Illuminate\Pipeline\Pipeline->Illuminate\Pipeline\{closure}(Object(Illuminate\Http\Request))
#67 /home/xtwhmyta/public_html/vendor/laravel/framework/src/Illuminate/Pipeline/Pipeline.php(104): Illuminate\Routing\Pipeline->Illuminate\Routing\{closure}(Object(Illuminate\Http\Request))
#68 /home/xtwhmyta/public_html/vendor/laravel/framework/src/Illuminate/Routing/Router.php(655): Illuminate\Pipeline\Pipeline->then(Object(Closure))
#69 /home/xtwhmyta/public_html/vendor/laravel/framework/src/Illuminate/Routing/Router.php(629): Illuminate\Routing\Router->runRouteWithinStack(Object(Illuminate\Routing\Route), Object(Illuminate\Http\Request))
#70 /home/xtwhmyta/public_html/vendor/laravel/framework/src/Illuminate/Routing/Router.php(607): Illuminate\Routing\Router->dispatchToRoute(Object(Illuminate\Http\Request))
#71 /home/xtwhmyta/public_html/vendor/laravel/framework/src/Illuminate/Foundation/Http/Kernel.php(268): Illuminate\Routing\Router->dispatch(Object(Illuminate\Http\Request))
#72 /home/xtwhmyta/public_html/vendor/laravel/framework/src/Illuminate/Routing/Pipeline.php(53): Illuminate\Foundation\Http\Kernel->Illuminate\Foundation\Http\{closure}(Object(Illuminate\Http\Request))
#73 /home/xtwhmyta/public_html/vendor/anomaly/streams-platform/src/Http/Middleware/SetLocale.php(88): Illuminate\Routing\Pipeline->Illuminate\Routing\{closure}(Object(Illuminate\Http\Request))
#74 /home/xtwhmyta/public_html/vendor/laravel/framework/src/Illuminate/Pipeline/Pipeline.php(137): Anomaly\Streams\Platform\Http\Middleware\SetLocale->handle(Object(Illuminate\Http\Request), Object(Closure))
#75 /home/xtwhmyta/public_html/vendor/laravel/framework/src/Illuminate/Routing/Pipeline.php(33): Illuminate\Pipeline\Pipeline->Illuminate\Pipeline\{closure}(Object(Illuminate\Http\Request))
#76 /home/xtwhmyta/public_html/vendor/laravel/framework/src/Illuminate/View/Middleware/ShareErrorsFromSession.php(49): Illuminate\Routing\Pipeline->Illuminate\Routing\{closure}(Object(Illuminate\Http\Request))
#77 /home/xtwhmyta/public_html/vendor/laravel/framework/src/Illuminate/Pipeline/Pipeline.php(137): Illuminate\View\Middleware\ShareErrorsFromSession->handle(Object(Illuminate\Http\Request), Object(Closure))
#78 /home/xtwhmyta/public_html/vendor/laravel/framework/src/Illuminate/Routing/Pipeline.php(33): Illuminate\Pipeline\Pipeline->Illuminate\Pipeline\{closure}(Object(Illuminate\Http\Request))
#79 /home/xtwhmyta/public_html/vendor/laravel/framework/src/Illuminate/Session/Middleware/StartSession.php(64): Illuminate\Routing\Pipeline->Illuminate\Routing\{closure}(Object(Illuminate\Http\Request))
#80 /home/xtwhmyta/public_html/vendor/laravel/framework/src/Illuminate/Pipeline/Pipeline.php(137): Illuminate\Session\Middleware\StartSession->handle(Object(Illuminate\Http\Request), Object(Closure))
#81 /home/xtwhmyta/public_html/vendor/laravel/framework/src/Illuminate/Routing/Pipeline.php(33): Illuminate\Pipeline\Pipeline->Illuminate\Pipeline\{closure}(Object(Illuminate\Http\Request))
#82 /home/xtwhmyta/public_html/vendor/laravel/framework/src/Illuminate/Cookie/Middleware/AddQueuedCookiesToResponse.php(37): Illuminate\Routing\Pipeline->Illuminate\Routing\{closure}(Object(Illuminate\Http\Request))
#83 /home/xtwhmyta/public_html/vendor/laravel/framework/src/Illuminate/Pipeline/Pipeline.php(137): Illuminate\Cookie\Middleware\AddQueuedCookiesToResponse->handle(Object(Illuminate\Http\Request), Object(Closure))
#84 /home/xtwhmyta/public_html/vendor/laravel/framework/src/Illuminate/Routing/Pipeline.php(33): Illuminate\Pipeline\Pipeline->Illuminate\Pipeline\{closure}(Object(Illuminate\Http\Request))
#85 /home/xtwhmyta/public_html/vendor/laravel/framework/src/Illuminate/Cookie/Middleware/EncryptCookies.php(59): Illuminate\Routing\Pipeline->Illuminate\Routing\{closure}(Object(Illuminate\Http\Request))
#86 /home/xtwhmyta/public_html/vendor/laravel/framework/src/Illuminate/Pipeline/Pipeline.php(137): Illuminate\Cookie\Middleware\EncryptCookies->handle(Object(Illuminate\Http\Request), Object(Closure))
#87 /home/xtwhmyta/public_html/vendor/laravel/framework/src/Illuminate/Routing/Pipeline.php(33): Illuminate\Pipeline\Pipeline->Illuminate\Pipeline\{closure}(Object(Illuminate\Http\Request))
#88 /home/xtwhmyta/public_html/vendor/laravel/framework/src/Illuminate/Pipeline/Pipeline.php(104): Illuminate\Routing\Pipeline->Illuminate\Routing\{closure}(Object(Illuminate\Http\Request))
#89 /home/xtwhmyta/public_html/vendor/laravel/framework/src/Illuminate/Foundation/Http/Kernel.php(150): Illuminate\Pipeline\Pipeline->then(Object(Closure))
#90 /home/xtwhmyta/public_html/vendor/laravel/framework/src/Illuminate/Foundation/Http/Kernel.php(117): Illuminate\Foundation\Http\Kernel->sendRequestThroughRouter(Object(Illuminate\Http\Request))
#91 /home/xtwhmyta/public_html/public/index.php(53): Illuminate\Foundation\Http\Kernel->handle(Object(Illuminate\Http\Request))
#92 {main} {"identification":{"id":"905fa0c6-ba6f-4e45-ae83-b39b915291e7"}} 
